<?xml version="1.0" encoding="UTF-8"?>
<!-- Generated by org.testng.reporters.JUnitReportReporter -->
<testsuite hostname="MBP-de-Nimesha" failures="0" tests="1" name="Wikipedia.Wikipedia.WikiScraperTest" time="1.720" errors="0" timestamp="2024-07-24T18:48:57 EDT" skipped="0">
  <testcase classname="Wikipedia.Wikipedia.WikiScraperTest" name="scrapeWikiLinks" time="1.720"/>
  <system-out/>
</testsuite> <!-- Wikipedia.Wikipedia.WikiScraperTest -->
